listing files in /home/lennon.lin/DataSet/imagenet/ILSVRC2012_img_train
dir_txt ->  /home/lennon.lin/DataSet/imagenet/ILSVRC2012_img_train.txt
took 1.478951 sec
[33mfilename ->Tensor("input_producer/Gather:0", shape=(), dtype=string)[0m
[33mimage_buffer -> Tensor("ReadFile:0", shape=(), dtype=string)[0m
height, width -> 224, 224
[33mfilename ->Tensor("input_producer/Gather:0", shape=(), dtype=string)[0m
[33mimage_buffer -> Tensor("ReadFile_1:0", shape=(), dtype=string)[0m
height, width -> 224, 224
[33mfilename ->Tensor("input_producer/Gather:0", shape=(), dtype=string)[0m
[33mimage_buffer -> Tensor("ReadFile_2:0", shape=(), dtype=string)[0m
height, width -> 224, 224
[33mfilename ->Tensor("input_producer/Gather:0", shape=(), dtype=string)[0m
[33mimage_buffer -> Tensor("ReadFile_3:0", shape=(), dtype=string)[0m
height, width -> 224, 224
[31mloss -> Tensor("AddN:0", shape=(), dtype=float32)[0m
scale3/block1/a/moving_mean
scale3/block1/b/scale3/block1/b/moving_mean/local_step
scale4/block5/b/scale4/block5/b/moving_variance/local_step
scale3/block3/b/beta/Momentum
scale4/block2/c/moving_mean
scale4/block6/a/beta
scale2/block1/shortcut/weights
scale3/block1/b/weights
scale2/block2/c/scale2/block2/c/moving_variance/biased
scale2/block3/a/scale2/block3/a/moving_mean/biased
scale4/block2/c/weights/Momentum
scale4/block1/shortcut/scale4/block1/shortcut/moving_variance/biased
scale3/block1/c/beta
scale2/block1/shortcut/scale2/block1/shortcut/moving_mean/biased
scale4/block4/b/beta
scale1/scale1/moving_variance/biased
scale4/block2/a/moving_variance
scale4/block6/b/beta
scale5/block1/c/gamma
scale4/block6/c/gamma/Momentum
scale4/block2/c/scale4/block2/c/moving_variance/local_step
scale2/block2/c/scale2/block2/c/moving_variance/local_step
scale5/block3/a/weights/Momentum
scale4/block2/b/gamma
scale5/block2/a/scale5/block2/a/moving_mean/biased
scale3/block1/b/scale3/block1/b/moving_variance/biased
scale5/block3/c/scale5/block3/c/moving_variance/biased
scale4/block4/a/scale4/block4/a/moving_variance/local_step
scale5/block3/a/scale5/block3/a/moving_variance/biased
scale3/block2/c/beta
scale3/block3/b/weights/Momentum
scale2/block3/c/beta/Momentum
scale4/block2/c/scale4/block2/c/moving_mean/local_step
scale2/block2/b/scale2/block2/b/moving_variance/local_step
scale4/block6/c/gamma
scale5/block1/b/weights
scale3/block2/a/weights
scale3/block4/a/beta
scale2/block3/b/scale2/block3/b/moving_mean/local_step
scale2/block3/c/gamma
scale5/block2/b/scale5/block2/b/moving_mean/local_step
scale4/block2/a/weights
scale5/block1/c/beta/Momentum
scale2/block2/c/gamma
scale4/block6/b/scale4/block6/b/moving_mean/biased
scale5/block3/c/gamma
scale2/block1/c/gamma
scale4/block5/a/scale4/block5/a/moving_variance/biased
scale3/block4/a/scale3/block4/a/moving_mean/biased
scale4/block3/a/gamma
scale4/block4/c/gamma
scale4/block2/a/beta/Momentum
scale4/block1/c/beta
scale3/block2/c/moving_mean
scale1/moving_variance
scale3/block4/c/scale3/block4/c/moving_variance/biased
scale2/block2/a/gamma
scale3/block1/shortcut/scale3/block1/shortcut/moving_mean/biased
scale3/block1/a/gamma/Momentum
scale4/block4/b/scale4/block4/b/moving_mean/biased
AddN/ExponentialMovingAverage
scale2/block1/a/moving_variance
scale4/block2/a/gamma
scale4/block2/c/beta
scale2/block3/b/gamma/Momentum
scale2/block3/c/beta
scale4/block6/b/weights/Momentum
scale5/block3/a/beta
scale4/block2/c/scale4/block2/c/moving_variance/biased
scale2/block1/b/scale2/block1/b/moving_mean/biased
scale5/block2/b/scale5/block2/b/moving_variance/biased
scale2/block1/shortcut/beta/Momentum
scale3/block3/b/scale3/block3/b/moving_mean/biased
scale4/block1/b/moving_mean
scale3/block2/c/scale3/block2/c/moving_mean/local_step
scale2/block2/b/moving_mean
scale2/block1/a/scale2/block1/a/moving_variance/local_step
scale3/block3/a/scale3/block3/a/moving_variance/biased
scale2/block1/c/beta/Momentum
scale4/block3/b/beta/Momentum
scale4/block5/c/gamma
scale4/block1/b/scale4/block1/b/moving_variance/biased
scale2/block2/b/weights/Momentum
scale1/scale1/moving_mean/local_step
scale2/block2/b/scale2/block2/b/moving_variance/biased
scale4/block3/c/moving_mean
scale4/block6/a/moving_variance
scale4/block4/b/beta/Momentum
scale5/block3/c/scale5/block3/c/moving_mean/biased
scale3/block2/c/beta/Momentum
scale3/block1/a/scale3/block1/a/moving_mean/biased
scale4/block5/a/gamma
scale5/block3/c/moving_mean
scale5/block1/c/scale5/block1/c/moving_mean/local_step
scale4/block1/a/gamma
scale4/block4/b/scale4/block4/b/moving_variance/local_step
scale2/block3/c/weights
scale2/block2/c/weights/Momentum
scale1/gamma/Momentum
scale4/block1/a/scale4/block1/a/moving_variance/local_step
scale4/block3/c/scale4/block3/c/moving_variance/biased
scale3/block2/b/beta/Momentum
scale4/block5/b/scale4/block5/b/moving_variance/biased
scale4/block3/c/scale4/block3/c/moving_mean/local_step
scale4/block1/b/beta
scale4/block5/b/weights/Momentum
scale5/block2/c/beta/Momentum
scale1/beta/Momentum
scale5/block3/c/beta
scale2/block3/b/beta/Momentum
scale4/block3/c/weights
scale3/block3/b/scale3/block3/b/moving_mean/local_step
scale4/block4/a/beta/Momentum
scale2/block3/b/beta
scale4/block3/c/gamma/Momentum
scale4/block6/c/moving_mean
scale3/block4/c/gamma
scale4/block1/a/moving_variance
scale4/block1/shortcut/gamma
scale2/block2/b/scale2/block2/b/moving_mean/biased
scale2/block1/c/scale2/block1/c/moving_mean/local_step
scale3/block2/a/moving_mean
scale2/block3/b/weights/Momentum
scale4/block4/a/moving_mean
scale4/block1/c/beta/Momentum
scale5/block2/b/weights/Momentum
scale4/block2/c/scale4/block2/c/moving_mean/biased
scale2/block1/c/beta
scale3/block2/a/scale3/block2/a/moving_mean/biased
scale3/block1/c/scale3/block1/c/moving_mean/biased
scale4/block1/b/gamma
scale2/block2/c/beta
fc/weights
scale4/block4/b/weights
scale5/block1/shortcut/moving_variance
scale4/block1/c/scale4/block1/c/moving_mean/biased
scale2/block3/a/weights
scale5/block2/b/weights
scale2/block1/shortcut/gamma/Momentum
scale4/block2/c/gamma
scale3/block1/b/gamma/Momentum
scale3/block2/b/scale3/block2/b/moving_mean/local_step
scale2/block3/a/gamma
scale2/block3/c/gamma/Momentum
scale4/block1/shortcut/gamma/Momentum
scale3/block1/a/scale3/block1/a/moving_variance/local_step
scale5/block2/a/scale5/block2/a/moving_mean/local_step
scale3/block1/shortcut/moving_variance
scale2/block3/b/scale2/block3/b/moving_variance/biased
scale4/block1/shortcut/weights
scale4/block1/b/weights/Momentum
scale4/block6/b/beta/Momentum
scale4/block3/c/scale4/block3/c/moving_variance/local_step
scale4/block1/a/weights/Momentum
scale2/block1/c/moving_mean
scale3/block3/c/scale3/block3/c/moving_mean/local_step
scale3/block4/b/beta/Momentum
scale3/block3/c/scale3/block3/c/moving_variance/biased
scale1/weights
scale2/block2/c/beta/Momentum
scale4/block2/b/moving_mean
scale3/block3/c/scale3/block3/c/moving_variance/local_step
scale2/block2/a/moving_variance
scale3/block3/a/scale3/block3/a/moving_variance/local_step
scale1/scale1/moving_mean/biased
scale4/block3/b/moving_variance
scale3/block4/c/scale3/block4/c/moving_mean/local_step
scale5/block1/c/weights/Momentum
scale2/block2/a/scale2/block2/a/moving_variance/local_step
scale3/block1/c/weights
scale5/block1/shortcut/gamma/Momentum
scale3/block2/a/gamma
scale2/block3/c/scale2/block3/c/moving_variance/biased
scale3/block1/shortcut/scale3/block1/shortcut/moving_mean/local_step
scale4/block3/b/weights
scale5/block2/a/gamma
scale2/block1/shortcut/weights/Momentum
scale5/block1/a/weights/Momentum
scale2/block3/c/moving_mean
scale4/block4/b/gamma/Momentum
scale5/block2/b/moving_mean
scale5/block1/b/moving_variance
scale3/block3/a/scale3/block3/a/moving_mean/biased
scale5/block1/a/scale5/block1/a/moving_mean/local_step
scale5/block2/a/moving_variance
scale4/block4/b/scale4/block4/b/moving_variance/biased
fc/biases/Momentum
scale4/block2/a/scale4/block2/a/moving_variance/local_step
scale3/block1/b/gamma
scale4/block5/a/moving_mean
scale3/block1/shortcut/moving_mean
scale3/block2/a/scale3/block2/a/moving_variance/local_step
scale4/block3/b/scale4/block3/b/moving_mean/local_step
scale3/block1/b/moving_mean
scale3/block1/c/scale3/block1/c/moving_mean/local_step
scale5/block2/c/moving_mean
scale3/block2/c/scale3/block2/c/moving_variance/local_step
scale3/block4/b/gamma/Momentum
scale4/block3/a/scale4/block3/a/moving_variance/biased
scale5/block1/c/scale5/block1/c/moving_variance/local_step
scale4/block5/c/moving_variance
scale2/block3/c/weights/Momentum
scale4/block2/c/gamma/Momentum
scale3/block2/a/weights/Momentum
scale4/block3/a/scale4/block3/a/moving_variance/local_step
scale4/block3/b/beta
scale3/block2/b/moving_variance
scale2/block3/a/weights/Momentum
scale4/block5/a/gamma/Momentum
scale4/block5/b/scale4/block5/b/moving_mean/local_step
scale4/block4/c/weights/Momentum
scale4/block2/b/beta/Momentum
scale2/block3/a/moving_variance
scale2/block1/shortcut/scale2/block1/shortcut/moving_mean/local_step
scale5/block1/b/gamma
scale3/block4/b/scale3/block4/b/moving_mean/local_step
scale4/block6/c/moving_variance
scale2/block1/c/moving_variance
scale3/block1/c/scale3/block1/c/moving_variance/local_step
scale5/block2/a/gamma/Momentum
scale5/block2/a/weights
scale4/block1/b/scale4/block1/b/moving_variance/local_step
scale5/block2/b/gamma/Momentum
scale4/block1/c/weights/Momentum
scale2/block1/b/beta/Momentum
scale4/block4/b/moving_mean
scale5/block1/a/beta
scale4/block3/a/moving_variance
scale1/scale1/moving_variance/local_step
scale5/block2/a/scale5/block2/a/moving_variance/local_step
scale2/block1/c/scale2/block1/c/moving_variance/local_step
scale5/block3/b/gamma/Momentum
scale5/block3/a/moving_variance
scale4/block6/a/scale4/block6/a/moving_variance/local_step
scale5/block1/c/moving_variance
scale2/block2/c/scale2/block2/c/moving_mean/biased
scale4/block5/a/weights/Momentum
scale2/block2/a/weights
scale4/block3/c/gamma
scale4/block4/c/scale4/block4/c/moving_variance/biased
scale5/block1/c/scale5/block1/c/moving_variance/biased
scale4/block6/a/gamma/Momentum
scale5/block1/a/scale5/block1/a/moving_variance/local_step
scale3/block3/b/moving_variance
scale3/block1/a/moving_variance
scale3/block1/c/gamma/Momentum
scale4/block5/c/scale4/block5/c/moving_mean/local_step
scale2/block2/c/weights
scale4/block3/b/gamma/Momentum
scale2/block3/b/scale2/block3/b/moving_variance/local_step
scale2/block1/a/weights/Momentum
fc/weights/Momentum
scale2/block2/a/moving_mean
scale3/block1/c/gamma
scale3/block2/b/scale3/block2/b/moving_mean/biased
scale2/block2/c/scale2/block2/c/moving_mean/local_step
scale5/block1/b/scale5/block1/b/moving_mean/local_step
scale4/block4/c/scale4/block4/c/moving_mean/biased
scale4/block4/a/weights/Momentum
scale4/block4/c/beta/Momentum
scale5/block1/c/scale5/block1/c/moving_mean/biased
scale5/block1/b/moving_mean
scale5/block2/a/moving_mean
scale5/block1/a/scale5/block1/a/moving_mean/biased
scale2/block1/a/scale2/block1/a/moving_mean/local_step
scale2/block1/a/moving_mean
scale3/block4/c/moving_mean
scale4/block1/b/scale4/block1/b/moving_mean/local_step
scale5/block1/c/beta
scale3/block4/c/moving_variance
scale4/block3/b/scale4/block3/b/moving_mean/biased
scale4/block6/c/scale4/block6/c/moving_variance/biased
scale3/block2/b/weights
scale2/block1/b/gamma/Momentum
scale3/block4/b/weights
scale5/block2/b/moving_variance
scale3/block3/a/beta
scale3/block2/c/weights
scale3/block2/c/gamma/Momentum
scale5/block1/shortcut/scale5/block1/shortcut/moving_mean/local_step
scale5/block2/a/beta
scale4/block5/c/scale4/block5/c/moving_variance/local_step
scale5/block1/a/moving_variance
scale3/block1/shortcut/scale3/block1/shortcut/moving_variance/local_step
scale4/block4/c/weights
scale3/block4/a/gamma
scale5/block3/a/scale5/block3/a/moving_mean/local_step
scale4/block4/b/weights/Momentum
scale4/block3/c/scale4/block3/c/moving_mean/biased
scale4/block1/a/beta/Momentum
scale2/block3/b/weights
scale4/block4/a/gamma
scale3/block2/b/moving_mean
scale4/block6/b/gamma
scale4/block5/b/beta
scale2/block1/shortcut/beta
scale4/block2/a/scale4/block2/a/moving_mean/biased
scale3/block2/a/beta/Momentum
scale4/block5/c/weights/Momentum
scale3/block4/b/beta
scale3/block1/b/beta
scale5/block1/b/gamma/Momentum
scale2/block1/b/weights
scale5/block2/c/scale5/block2/c/moving_mean/biased
scale2/block1/a/gamma
scale4/block4/b/scale4/block4/b/moving_mean/local_step
scale4/block6/c/scale4/block6/c/moving_variance/local_step
scale2/block1/c/scale2/block1/c/moving_variance/biased
scale3/block2/c/scale3/block2/c/moving_variance/biased
scale3/block3/a/beta/Momentum
scale3/block3/c/scale3/block3/c/moving_mean/biased
scale5/block3/c/moving_variance
scale5/block1/b/scale5/block1/b/moving_variance/local_step
scale3/block2/a/scale3/block2/a/moving_variance/biased
scale2/block1/shortcut/moving_mean
scale3/block3/c/beta
scale5/block1/b/weights/Momentum
scale3/block3/c/gamma
scale2/block1/c/weights
scale3/block4/b/scale3/block4/b/moving_variance/biased
scale3/block3/b/scale3/block3/b/moving_variance/biased
scale4/block1/shortcut/weights/Momentum
scale5/block1/shortcut/scale5/block1/shortcut/moving_variance/local_step
scale3/block4/b/scale3/block4/b/moving_variance/local_step
scale5/block3/b/scale5/block3/b/moving_variance/local_step
scale5/block3/c/beta/Momentum
scale3/block1/b/beta/Momentum
scale2/block3/a/scale2/block3/a/moving_variance/local_step
scale3/block4/c/beta/Momentum
scale4/block6/a/scale4/block6/a/moving_mean/local_step
scale4/block5/c/beta
scale3/block1/c/moving_mean
scale4/block1/a/scale4/block1/a/moving_variance/biased
scale5/block2/a/beta/Momentum
scale4/block2/c/weights
scale3/block4/b/gamma
scale2/block3/a/beta
scale4/block6/a/weights/Momentum
scale2/block1/c/weights/Momentum
scale4/block5/b/scale4/block5/b/moving_mean/biased
scale3/block4/c/beta
scale4/block5/c/scale4/block5/c/moving_mean/biased
scale2/block3/b/gamma
scale2/block2/a/scale2/block2/a/moving_mean/local_step
scale2/block1/b/weights/Momentum
scale5/block1/a/gamma
scale3/block1/shortcut/gamma
scale4/block3/a/beta/Momentum
fc/biases
scale1/weights/Momentum
scale3/block2/b/gamma/Momentum
scale4/block6/c/scale4/block6/c/moving_mean/biased
scale4/block3/a/scale4/block3/a/moving_mean/biased
scale4/block5/a/moving_variance
scale5/block3/a/gamma/Momentum
scale5/block3/b/scale5/block3/b/moving_mean/biased
scale4/block2/b/moving_variance
scale4/block6/b/scale4/block6/b/moving_mean/local_step
scale4/block6/c/weights/Momentum
scale5/block2/a/scale5/block2/a/moving_variance/biased
scale5/block2/b/gamma
scale4/block4/c/scale4/block4/c/moving_mean/local_step
scale4/block5/b/weights
scale4/block5/a/beta
scale5/block1/a/beta/Momentum
scale2/block1/a/scale2/block1/a/moving_variance/biased
scale4/block3/a/weights/Momentum
scale3/block4/a/scale3/block4/a/moving_variance/local_step
scale2/block1/shortcut/scale2/block1/shortcut/moving_variance/biased
scale2/block3/c/scale2/block3/c/moving_mean/biased
scale4/block6/b/moving_variance
scale3/block4/a/weights
scale4/block4/a/moving_variance
scale5/block3/b/scale5/block3/b/moving_variance/biased
scale5/block3/c/scale5/block3/c/moving_mean/local_step
scale5/block3/a/moving_mean
scale3/block2/b/scale3/block2/b/moving_variance/biased
scale4/block3/a/beta
scale2/block2/a/beta
scale5/block3/b/moving_mean
scale3/block1/a/weights
scale2/block2/a/beta/Momentum
scale4/block4/c/beta
scale5/block1/shortcut/beta/Momentum
scale5/block2/c/moving_variance
scale5/block3/c/scale5/block3/c/moving_variance/local_step
scale3/block1/shortcut/scale3/block1/shortcut/moving_variance/biased
scale5/block1/c/weights
scale5/block3/b/scale5/block3/b/moving_mean/local_step
scale1/beta
scale3/block4/a/moving_mean
scale4/block1/c/moving_mean
scale4/block5/c/gamma/Momentum
scale4/block1/shortcut/scale4/block1/shortcut/moving_mean/local_step
scale5/block1/c/moving_mean
scale2/block1/b/moving_variance
scale4/block3/b/scale4/block3/b/moving_variance/local_step
scale4/block1/c/moving_variance
scale3/block1/b/scale3/block1/b/moving_variance/local_step
scale4/block1/shortcut/moving_variance
scale4/block1/a/beta
scale4/block1/b/weights
scale4/block6/a/scale4/block6/a/moving_mean/biased
scale4/block5/b/gamma
scale2/block2/b/beta
scale5/block2/b/beta
scale4/block1/c/weights
scale2/block2/c/moving_mean
scale4/block2/b/scale4/block2/b/moving_variance/biased
scale5/block1/shortcut/scale5/block1/shortcut/moving_variance/biased
scale2/block3/a/scale2/block3/a/moving_variance/biased
scale3/block2/b/gamma
scale3/block4/b/moving_variance
scale4/block2/b/scale4/block2/b/moving_mean/local_step
scale4/block4/c/scale4/block4/c/moving_variance/local_step
scale5/block3/a/beta/Momentum
scale4/block2/a/gamma/Momentum
scale5/block1/b/beta/Momentum
scale1/moving_mean
scale5/block2/b/scale5/block2/b/moving_mean/biased
scale3/block2/b/scale3/block2/b/moving_variance/local_step
scale3/block2/a/gamma/Momentum
scale4/block5/b/moving_mean
scale3/block4/b/weights/Momentum
scale4/block5/b/gamma/Momentum
scale3/block4/a/weights/Momentum
scale3/block3/a/scale3/block3/a/moving_mean/local_step
scale5/block2/c/scale5/block2/c/moving_mean/local_step
scale5/block2/b/scale5/block2/b/moving_variance/local_step
scale4/block3/a/moving_mean
scale4/block4/a/beta
scale4/block4/c/gamma/Momentum
scale4/block2/a/scale4/block2/a/moving_variance/biased
scale4/block6/a/gamma
scale4/block3/b/scale4/block3/b/moving_variance/biased
scale4/block2/c/beta/Momentum
scale5/block3/b/beta/Momentum
scale2/block3/a/beta/Momentum
scale5/block3/b/beta
scale2/block2/b/moving_variance
scale3/block3/a/weights/Momentum
scale5/block2/c/gamma/Momentum
scale5/block3/a/weights
scale4/block4/c/moving_mean
scale3/block2/c/gamma
scale4/block6/b/weights
scale2/block1/b/scale2/block1/b/moving_variance/local_step
scale4/block2/c/moving_variance
scale3/block1/shortcut/gamma/Momentum
scale2/block2/b/gamma
scale5/block1/b/scale5/block1/b/moving_mean/biased
scale2/block2/a/weights/Momentum
scale3/block1/a/beta
scale2/block1/a/beta/Momentum
scale4/block1/a/scale4/block1/a/moving_mean/local_step
scale3/block4/a/scale3/block4/a/moving_variance/biased
scale2/block1/shortcut/gamma
scale3/block3/a/weights
scale3/block3/c/gamma/Momentum
scale4/block5/a/weights
scale4/block5/c/moving_mean
scale3/block1/c/beta/Momentum
scale3/block1/b/moving_variance
scale2/block3/b/moving_mean
scale5/block3/b/gamma
scale4/block5/c/scale4/block5/c/moving_variance/biased
scale4/block1/shortcut/moving_mean
scale4/block3/c/moving_variance
scale3/block4/c/scale3/block4/c/moving_mean/biased
scale2/block2/b/scale2/block2/b/moving_mean/local_step
scale3/block4/b/scale3/block4/b/moving_mean/biased
scale4/block2/b/scale4/block2/b/moving_variance/local_step
scale5/block1/c/gamma/Momentum
scale3/block3/b/moving_mean
scale4/block6/b/scale4/block6/b/moving_variance/local_step
scale4/block1/a/moving_mean
scale5/block1/shortcut/scale5/block1/shortcut/moving_mean/biased
scale4/block5/a/scale4/block5/a/moving_mean/biased
scale4/block4/a/scale4/block4/a/moving_mean/biased
scale5/block2/c/weights
scale3/block2/a/moving_variance
scale4/block4/a/scale4/block4/a/moving_mean/local_step
scale4/block1/c/scale4/block1/c/moving_variance/local_step
scale4/block1/a/weights
scale3/block1/c/weights/Momentum
scale5/block3/a/scale5/block3/a/moving_mean/biased
scale5/block1/shortcut/moving_mean
scale4/block1/b/gamma/Momentum
scale4/block3/b/moving_mean
scale2/block1/b/gamma
scale3/block2/b/beta
scale3/block4/a/beta/Momentum
scale3/block1/a/gamma
scale4/block4/a/weights
scale3/block3/b/gamma
scale2/block2/c/moving_variance
scale3/block1/c/moving_variance
scale5/block2/c/gamma
scale3/block1/a/scale3/block1/a/moving_mean/local_step
scale3/block3/a/moving_mean
scale2/block1/a/beta
scale4/block2/a/weights/Momentum
scale4/block2/b/gamma/Momentum
scale2/block3/c/scale2/block3/c/moving_mean/local_step
scale5/block2/a/weights/Momentum
scale3/block4/c/weights/Momentum
scale3/block3/c/weights
scale4/block6/a/scale4/block6/a/moving_variance/biased
scale3/block4/c/gamma/Momentum
scale2/block1/b/scale2/block1/b/moving_mean/local_step
scale5/block1/shortcut/weights
scale3/block2/c/weights/Momentum
scale4/block2/b/weights/Momentum
scale4/block3/c/beta
scale5/block3/b/moving_variance
scale4/block1/c/scale4/block1/c/moving_mean/local_step
scale4/block6/c/beta
scale3/block1/shortcut/beta/Momentum
scale4/block1/shortcut/beta
scale2/block3/a/scale2/block3/a/moving_mean/local_step
scale3/block2/a/beta
scale2/block1/c/scale2/block1/c/moving_mean/biased
scale4/block3/a/weights
scale2/block1/b/beta
scale2/block3/b/scale2/block3/b/moving_mean/biased
scale5/block1/b/scale5/block1/b/moving_variance/biased
scale2/block3/a/gamma/Momentum
scale4/block1/b/moving_variance
scale2/block1/a/weights
scale3/block1/a/weights/Momentum
scale4/block5/c/beta/Momentum
scale3/block3/b/gamma/Momentum
scale3/block4/a/moving_variance
scale3/block3/b/weights
scale5/block3/b/weights
scale3/block1/a/beta/Momentum
scale5/block1/shortcut/weights/Momentum
scale3/block3/a/gamma/Momentum
scale2/block3/c/moving_variance
scale3/block4/a/gamma/Momentum
scale2/block1/a/gamma/Momentum
scale4/block6/b/scale4/block6/b/moving_variance/biased
scale2/block2/a/gamma/Momentum
scale5/block3/a/scale5/block3/a/moving_variance/local_step
scale5/block2/c/beta
scale4/block1/c/gamma/Momentum
scale2/block1/a/scale2/block1/a/moving_mean/biased
scale4/block3/a/scale4/block3/a/moving_mean/local_step
scale4/block1/c/gamma
scale4/block6/c/scale4/block6/c/moving_mean/local_step
scale5/block2/c/scale5/block2/c/moving_variance/local_step
scale5/block1/a/weights
scale2/block1/c/gamma/Momentum
scale3/block3/c/moving_variance
scale5/block1/a/gamma/Momentum
scale3/block4/c/weights
scale5/block3/c/gamma/Momentum
scale4/block2/b/weights
scale4/block1/a/scale4/block1/a/moving_mean/biased
scale4/block5/c/weights
scale3/block4/a/scale3/block4/a/moving_mean/local_step
scale3/block1/b/scale3/block1/b/moving_mean/biased
scale4/block3/c/beta/Momentum
scale4/block5/a/scale4/block5/a/moving_variance/local_step
scale4/block5/a/scale4/block5/a/moving_mean/local_step
scale3/block2/a/scale3/block2/a/moving_mean/local_step
scale3/block1/b/weights/Momentum
scale4/block6/c/beta/Momentum
scale2/block1/b/scale2/block1/b/moving_variance/biased
scale4/block3/b/weights/Momentum
scale3/block2/b/weights/Momentum
scale4/block1/b/scale4/block1/b/moving_mean/biased
scale2/block2/b/beta/Momentum
scale3/block1/shortcut/beta
scale4/block6/a/weights
scale3/block2/c/moving_variance
scale4/block5/b/moving_variance
scale4/block4/a/scale4/block4/a/moving_variance/biased
scale4/block5/b/beta/Momentum
scale4/block6/b/gamma/Momentum
scale5/block3/a/gamma
scale4/block5/a/beta/Momentum
scale3/block2/c/scale3/block2/c/moving_mean/biased
scale4/block4/b/moving_variance
scale5/block3/b/weights/Momentum
scale2/block1/shortcut/scale2/block1/shortcut/moving_variance/local_step
scale2/block2/c/gamma/Momentum
scale4/block1/a/gamma/Momentum
scale3/block1/shortcut/weights
scale5/block1/shortcut/beta
scale4/block1/shortcut/beta/Momentum
scale4/block6/b/moving_mean
scale4/block1/b/beta/Momentum
scale3/block4/b/moving_mean
scale5/block3/c/weights
scale3/block3/a/gamma
scale5/block1/a/moving_mean
scale5/block1/shortcut/gamma
scale4/block3/b/gamma
scale2/block2/a/scale2/block2/a/moving_variance/biased
scale5/block2/c/weights/Momentum
scale3/block3/a/moving_variance
scale3/block4/c/scale3/block4/c/moving_variance/local_step
scale5/block3/c/weights/Momentum
scale4/block3/c/weights/Momentum
scale3/block3/b/beta
scale2/block1/shortcut/moving_variance
scale4/block1/shortcut/scale4/block1/shortcut/moving_variance/local_step
scale2/block3/b/moving_variance
scale5/block1/a/scale5/block1/a/moving_variance/biased
scale4/block2/b/beta
scale3/block1/a/scale3/block1/a/moving_variance/biased
scale4/block2/b/scale4/block2/b/moving_mean/biased
global_step
scale5/block1/b/beta
scale3/block1/c/scale3/block1/c/moving_variance/biased
scale2/block3/c/scale2/block3/c/moving_variance/local_step
scale4/block4/c/moving_variance
scale3/block3/c/beta/Momentum
scale2/block3/a/moving_mean
scale2/block2/a/scale2/block2/a/moving_mean/biased
scale4/block6/a/moving_mean
scale4/block4/a/gamma/Momentum
scale4/block2/a/beta
scale3/block3/b/scale3/block3/b/moving_variance/local_step
scale4/block4/b/gamma
scale5/block2/c/scale5/block2/c/moving_variance/biased
scale2/block2/b/gamma/Momentum
scale4/block6/c/weights
scale5/block2/b/beta/Momentum
scale4/block1/c/scale4/block1/c/moving_variance/biased
scale4/block2/a/moving_mean
scale3/block3/c/moving_mean
scale4/block2/a/scale4/block2/a/moving_mean/local_step
scale3/block3/c/weights/Momentum
scale4/block3/a/gamma/Momentum
scale2/block2/b/weights
scale1/gamma
scale2/block1/b/moving_mean
scale4/block1/shortcut/scale4/block1/shortcut/moving_mean/biased
scale3/block1/shortcut/weights/Momentum
scale4/block6/a/beta/Momentum[0m
continue /home/lennon.lin/Repository/ResNet/MT_tensorflow-resnet/weights/tensorflow_resnet_convert_1.1/ResNet-L50.ckpt
