('tensor_name: ', 'scale3/block1/a/moving_mean')
('tensor_name: ', 'scale3/block1/b/scale3/block1/b/moving_mean/local_step')
('tensor_name: ', 'scale4/block5/b/scale4/block5/b/moving_variance/local_step')
('tensor_name: ', 'scale4/block2/c/moving_mean')
('tensor_name: ', 'scale4/block6/a/beta')
('tensor_name: ', 'scale2/block1/shortcut/weights')
('tensor_name: ', 'scale3/block1/b/weights')
('tensor_name: ', 'scale2/block2/c/scale2/block2/c/moving_variance/biased')
('tensor_name: ', 'scale5/block2/c/moving_mean')
('tensor_name: ', 'scale4/block1/shortcut/scale4/block1/shortcut/moving_variance/biased')
('tensor_name: ', 'scale3/block1/c/beta')
('tensor_name: ', 'scale2/block1/shortcut/scale2/block1/shortcut/moving_mean/biased')
('tensor_name: ', 'scale4/block4/b/beta')
('tensor_name: ', 'scale1/scale1/moving_variance/biased')
('tensor_name: ', 'scale4/block6/b/weights')
('tensor_name: ', 'scale4/block6/b/beta')
('tensor_name: ', 'scale5/block1/c/gamma')
('tensor_name: ', 'scale2/block3/c/scale2/block3/c/moving_variance/biased')
('tensor_name: ', 'scale3/block1/c/scale3/block1/c/moving_variance/local_step')
('tensor_name: ', 'scale2/block2/c/scale2/block2/c/moving_variance/local_step')
('tensor_name: ', 'scale4/block2/b/gamma')
('tensor_name: ', 'scale5/block2/a/scale5/block2/a/moving_mean/biased')
('tensor_name: ', 'scale3/block1/b/scale3/block1/b/moving_variance/biased')
('tensor_name: ', 'scale4/block4/a/scale4/block4/a/moving_variance/local_step')
('tensor_name: ', 'scale5/block3/a/scale5/block3/a/moving_variance/biased')
('tensor_name: ', 'scale3/block2/c/beta')
('tensor_name: ', 'scale4/block2/c/scale4/block2/c/moving_mean/local_step')
('tensor_name: ', 'scale2/block2/b/scale2/block2/b/moving_variance/local_step')
('tensor_name: ', 'scale4/block6/c/gamma')
('tensor_name: ', 'scale5/block1/b/weights')
('tensor_name: ', 'scale3/block2/a/weights')
('tensor_name: ', 'scale2/block1/c/scale2/block1/c/moving_mean/local_step')
('tensor_name: ', 'scale4/block1/c/weights')
('tensor_name: ', 'scale2/block3/b/scale2/block3/b/moving_mean/local_step')
('tensor_name: ', 'scale4/block1/shortcut/moving_mean')
('tensor_name: ', 'scale2/block3/c/gamma')
('tensor_name: ', 'scale5/block2/b/scale5/block2/b/moving_mean/local_step')
('tensor_name: ', 'scale4/block2/a/weights')
('tensor_name: ', 'scale5/block1/c/beta')
('tensor_name: ', 'scale2/block1/c/gamma')
('tensor_name: ', 'scale4/block5/a/scale4/block5/a/moving_variance/biased')
('tensor_name: ', 'scale3/block4/a/scale3/block4/a/moving_mean/biased')
('tensor_name: ', 'scale4/block3/a/gamma')
('tensor_name: ', 'scale4/block6/c/scale4/block6/c/moving_mean/local_step')
('tensor_name: ', 'scale4/block1/c/beta')
('tensor_name: ', 'scale3/block2/c/moving_mean')
('tensor_name: ', 'scale4/block5/c/beta')
('tensor_name: ', 'scale3/block4/c/scale3/block4/c/moving_variance/biased')
('tensor_name: ', 'scale2/block2/a/gamma')
('tensor_name: ', 'scale3/block1/shortcut/scale3/block1/shortcut/moving_mean/biased')
('tensor_name: ', 'scale4/block4/b/scale4/block4/b/moving_mean/biased')
('tensor_name: ', 'scale2/block1/a/moving_variance')
('tensor_name: ', 'scale4/block2/a/scale4/block2/a/moving_variance/biased')
('tensor_name: ', 'scale4/block2/c/beta')
('tensor_name: ', 'scale2/block3/c/beta')
('tensor_name: ', 'scale5/block3/a/beta')
('tensor_name: ', 'scale2/block3/a/scale2/block3/a/moving_mean/biased')
('tensor_name: ', 'scale5/block2/b/scale5/block2/b/moving_variance/biased')
('tensor_name: ', 'scale3/block3/b/scale3/block3/b/moving_mean/biased')
('tensor_name: ', 'scale4/block1/b/moving_mean')
('tensor_name: ', 'scale3/block2/c/scale3/block2/c/moving_mean/local_step')
('tensor_name: ', 'scale2/block2/b/moving_mean')
('tensor_name: ', 'scale2/block1/a/scale2/block1/a/moving_variance/local_step')
('tensor_name: ', 'scale3/block3/a/scale3/block3/a/moving_variance/biased')
('tensor_name: ', 'scale4/block5/c/gamma')
('tensor_name: ', 'scale4/block1/b/scale4/block1/b/moving_variance/biased')
('tensor_name: ', 'scale1/scale1/moving_mean/local_step')
('tensor_name: ', 'scale2/block2/b/scale2/block2/b/moving_variance/biased')
('tensor_name: ', 'scale4/block3/c/moving_mean')
('tensor_name: ', 'scale4/block6/a/moving_variance')
('tensor_name: ', 'scale5/block1/c/scale5/block1/c/moving_mean/local_step')
('tensor_name: ', 'scale4/block5/a/gamma')
('tensor_name: ', 'scale5/block3/c/moving_mean')
('tensor_name: ', 'scale4/block1/a/gamma')
('tensor_name: ', 'scale4/block4/b/scale4/block4/b/moving_variance/local_step')
('tensor_name: ', 'scale2/block3/c/weights')
('tensor_name: ', 'scale4/block1/a/scale4/block1/a/moving_variance/local_step')
('tensor_name: ', 'scale4/block3/a/scale4/block3/a/moving_mean/local_step')
('tensor_name: ', 'scale4/block5/b/scale4/block5/b/moving_variance/biased')
('tensor_name: ', 'scale4/block3/a/moving_variance')
('tensor_name: ', 'scale4/block3/c/scale4/block3/c/moving_mean/local_step')
('tensor_name: ', 'scale4/block1/b/beta')
('tensor_name: ', 'scale4/block3/c/weights')
('tensor_name: ', 'scale3/block3/b/scale3/block3/b/moving_mean/local_step')
('tensor_name: ', 'scale2/block3/b/beta')
('tensor_name: ', 'scale2/block3/c/moving_mean')
('tensor_name: ', 'scale4/block6/c/moving_mean')
('tensor_name: ', 'scale3/block4/c/gamma')
('tensor_name: ', 'scale4/block1/a/moving_variance')
('tensor_name: ', 'scale4/block1/shortcut/gamma')
('tensor_name: ', 'scale2/block2/b/scale2/block2/b/moving_mean/biased')
('tensor_name: ', 'scale4/block2/a/moving_variance')
('tensor_name: ', 'scale3/block2/a/moving_mean')
('tensor_name: ', 'scale4/block4/a/moving_mean')
('tensor_name: ', 'scale5/block3/c/beta')
('tensor_name: ', 'scale2/block1/c/beta')
('tensor_name: ', 'scale3/block2/a/scale3/block2/a/moving_mean/biased')
('tensor_name: ', 'scale3/block1/c/scale3/block1/c/moving_mean/biased')
('tensor_name: ', 'scale4/block1/b/gamma')
('tensor_name: ', 'scale2/block2/c/beta')
('tensor_name: ', 'fc/weights')
('tensor_name: ', 'scale4/block2/c/moving_variance')
('tensor_name: ', 'scale5/block1/shortcut/moving_variance')
('tensor_name: ', 'scale3/block1/shortcut/gamma')
('tensor_name: ', 'scale2/block3/a/weights')
('tensor_name: ', 'scale5/block2/b/weights')
('tensor_name: ', 'scale2/block2/a/scale2/block2/a/moving_variance/local_step')
('tensor_name: ', 'scale2/block3/c/scale2/block3/c/moving_mean/local_step')
('tensor_name: ', 'scale2/block3/a/gamma')
('tensor_name: ', 'scale3/block1/a/scale3/block1/a/moving_variance/local_step')
('tensor_name: ', 'scale5/block2/a/scale5/block2/a/moving_mean/local_step')
('tensor_name: ', 'scale3/block1/shortcut/moving_variance')
('tensor_name: ', 'scale2/block3/b/scale2/block3/b/moving_variance/biased')
('tensor_name: ', 'scale4/block1/shortcut/weights')
('tensor_name: ', 'scale4/block3/c/scale4/block3/c/moving_variance/local_step')
('tensor_name: ', 'scale2/block1/c/moving_mean')
('tensor_name: ', 'scale5/block2/a/moving_mean')
('tensor_name: ', 'scale3/block3/c/scale3/block3/c/moving_variance/biased')
('tensor_name: ', 'scale1/weights')
('tensor_name: ', 'scale4/block2/b/moving_mean')
('tensor_name: ', 'scale3/block3/c/scale3/block3/c/moving_variance/local_step')
('tensor_name: ', 'scale2/block2/a/moving_variance')
('tensor_name: ', 'scale3/block3/a/scale3/block3/a/moving_variance/local_step')
('tensor_name: ', 'scale1/scale1/moving_mean/biased')
('tensor_name: ', 'scale4/block3/b/moving_variance')
('tensor_name: ', 'scale3/block4/c/scale3/block4/c/moving_mean/local_step')
('tensor_name: ', 'scale3/block1/c/weights')
('tensor_name: ', 'scale3/block2/a/gamma')
('tensor_name: ', 'scale3/block2/b/scale3/block2/b/moving_variance/biased')
('tensor_name: ', 'scale5/block3/b/moving_mean')
('tensor_name: ', 'scale4/block3/b/weights')
('tensor_name: ', 'scale2/block2/a/scale2/block2/a/moving_mean/local_step')
('tensor_name: ', 'scale5/block2/a/gamma')
('tensor_name: ', 'scale4/block2/c/gamma')
('tensor_name: ', 'scale5/block2/b/moving_mean')
('tensor_name: ', 'scale5/block1/b/moving_variance')
('tensor_name: ', 'scale3/block3/a/scale3/block3/a/moving_mean/biased')
('tensor_name: ', 'scale5/block1/a/scale5/block1/a/moving_mean/local_step')
('tensor_name: ', 'scale3/block1/b/scale3/block1/b/moving_mean/biased')
('tensor_name: ', 'scale4/block4/b/scale4/block4/b/moving_variance/biased')
('tensor_name: ', 'scale4/block2/a/scale4/block2/a/moving_variance/local_step')
('tensor_name: ', 'scale3/block1/b/gamma')
('tensor_name: ', 'scale4/block5/a/moving_mean')
('tensor_name: ', 'scale3/block1/shortcut/moving_mean')
('tensor_name: ', 'scale3/block2/a/scale3/block2/a/moving_variance/local_step')
('tensor_name: ', 'scale4/block3/b/scale4/block3/b/moving_mean/local_step')
('tensor_name: ', 'scale3/block1/b/moving_mean')
('tensor_name: ', 'scale4/block6/c/beta')
('tensor_name: ', 'scale3/block2/c/scale3/block2/c/moving_variance/local_step')
('tensor_name: ', 'scale4/block3/a/scale4/block3/a/moving_variance/biased')
('tensor_name: ', 'scale5/block1/c/scale5/block1/c/moving_variance/local_step')
('tensor_name: ', 'scale4/block5/c/moving_variance')
('tensor_name: ', 'scale4/block3/a/scale4/block3/a/moving_variance/local_step')
('tensor_name: ', 'scale4/block3/b/beta')
('tensor_name: ', 'scale3/block2/b/moving_variance')
('tensor_name: ', 'scale4/block5/b/scale4/block5/b/moving_mean/local_step')
('tensor_name: ', 'scale2/block3/a/moving_variance')
('tensor_name: ', 'scale3/block1/b/moving_variance')
('tensor_name: ', 'scale5/block1/b/gamma')
('tensor_name: ', 'scale3/block4/b/scale3/block4/b/moving_mean/local_step')
('tensor_name: ', 'scale4/block6/c/moving_variance')
('tensor_name: ', 'scale2/block1/c/moving_variance')
('tensor_name: ', 'scale4/block6/b/moving_variance')
('tensor_name: ', 'scale4/block2/c/scale4/block2/c/moving_variance/local_step')
('tensor_name: ', 'scale5/block2/a/weights')
('tensor_name: ', 'scale4/block6/b/scale4/block6/b/moving_mean/biased')
('tensor_name: ', 'scale4/block6/c/scale4/block6/c/moving_variance/local_step')
('tensor_name: ', 'scale5/block1/a/beta')
('tensor_name: ', 'scale3/block4/a/beta')
('tensor_name: ', 'scale3/block1/c/gamma')
('tensor_name: ', 'scale5/block2/a/scale5/block2/a/moving_variance/local_step')
('tensor_name: ', 'scale2/block1/c/scale2/block1/c/moving_variance/local_step')
('tensor_name: ', 'scale5/block3/a/moving_variance')
('tensor_name: ', 'scale4/block6/a/scale4/block6/a/moving_variance/local_step')
('tensor_name: ', 'scale5/block1/c/moving_variance')
('tensor_name: ', 'scale2/block2/c/scale2/block2/c/moving_mean/biased')
('tensor_name: ', 'scale2/block2/a/weights')
('tensor_name: ', 'scale4/block3/c/gamma')
('tensor_name: ', 'scale4/block4/c/scale4/block4/c/moving_variance/biased')
('tensor_name: ', 'scale5/block1/c/scale5/block1/c/moving_variance/biased')
('tensor_name: ', 'scale5/block1/a/scale5/block1/a/moving_variance/local_step')
('tensor_name: ', 'scale3/block3/b/moving_variance')
('tensor_name: ', 'scale3/block1/a/moving_variance')
('tensor_name: ', 'scale4/block5/c/scale4/block5/c/moving_mean/local_step')
('tensor_name: ', 'scale2/block2/c/weights')
('tensor_name: ', 'scale2/block3/b/scale2/block3/b/moving_variance/local_step')
('tensor_name: ', 'scale2/block2/a/moving_mean')
('tensor_name: ', 'scale1/scale1/moving_variance/local_step')
('tensor_name: ', 'scale3/block2/b/scale3/block2/b/moving_mean/biased')
('tensor_name: ', 'scale2/block2/c/scale2/block2/c/moving_mean/local_step')
('tensor_name: ', 'scale5/block1/b/scale5/block1/b/moving_mean/local_step')
('tensor_name: ', 'scale4/block4/c/scale4/block4/c/moving_mean/biased')
('tensor_name: ', 'scale5/block3/b/scale5/block3/b/moving_variance/local_step')
('tensor_name: ', 'scale5/block1/b/moving_mean')
('tensor_name: ', 'scale5/block1/a/scale5/block1/a/moving_mean/biased')
('tensor_name: ', 'scale3/block2/c/scale3/block2/c/moving_variance/biased')
('tensor_name: ', 'scale2/block1/a/moving_mean')
('tensor_name: ', 'scale3/block4/c/moving_mean')
('tensor_name: ', 'scale4/block1/b/scale4/block1/b/moving_mean/local_step')
('tensor_name: ', 'scale2/block2/c/gamma')
('tensor_name: ', 'scale3/block4/c/moving_variance')
('tensor_name: ', 'scale4/block3/b/scale4/block3/b/moving_mean/biased')
('tensor_name: ', 'scale4/block6/c/scale4/block6/c/moving_variance/biased')
('tensor_name: ', 'scale3/block2/b/weights')
('tensor_name: ', 'scale3/block4/b/weights')
('tensor_name: ', 'scale5/block2/b/moving_variance')
('tensor_name: ', 'scale3/block3/a/beta')
('tensor_name: ', 'scale3/block2/c/weights')
('tensor_name: ', 'scale5/block1/shortcut/scale5/block1/shortcut/moving_mean/local_step')
('tensor_name: ', 'scale5/block2/a/beta')
('tensor_name: ', 'scale5/block1/a/moving_variance')
('tensor_name: ', 'scale3/block1/shortcut/scale3/block1/shortcut/moving_variance/local_step')
('tensor_name: ', 'scale4/block4/c/weights')
('tensor_name: ', 'scale3/block4/a/gamma')
('tensor_name: ', 'scale5/block3/a/scale5/block3/a/moving_mean/local_step')
('tensor_name: ', 'scale4/block3/c/scale4/block3/c/moving_mean/biased')
('tensor_name: ', 'scale4/block4/b/moving_variance')
('tensor_name: ', 'scale3/block4/c/scale3/block4/c/moving_mean/biased')
('tensor_name: ', 'scale3/block2/b/moving_mean')
('tensor_name: ', 'scale4/block6/b/gamma')
('tensor_name: ', 'scale4/block5/b/beta')
('tensor_name: ', 'scale5/block2/c/weights')
('tensor_name: ', 'scale4/block2/a/scale4/block2/a/moving_mean/biased')
('tensor_name: ', 'scale3/block4/b/beta')
('tensor_name: ', 'scale3/block1/b/beta')
('tensor_name: ', 'scale2/block1/b/weights')
('tensor_name: ', 'scale5/block2/c/scale5/block2/c/moving_mean/biased')
('tensor_name: ', 'scale2/block1/a/gamma')
('tensor_name: ', 'scale4/block4/b/scale4/block4/b/moving_mean/local_step')
('tensor_name: ', 'scale4/block4/a/scale4/block4/a/moving_mean/biased')
('tensor_name: ', 'scale2/block1/c/scale2/block1/c/moving_variance/biased')
('tensor_name: ', 'scale2/block1/a/scale2/block1/a/moving_mean/local_step')
('tensor_name: ', 'scale4/block6/a/scale4/block6/a/moving_mean/local_step')
('tensor_name: ', 'scale4/block4/b/moving_mean')
('tensor_name: ', 'scale5/block3/c/moving_variance')
('tensor_name: ', 'scale5/block1/b/scale5/block1/b/moving_variance/local_step')
('tensor_name: ', 'scale3/block2/a/scale3/block2/a/moving_variance/biased')
('tensor_name: ', 'scale3/block3/c/scale3/block3/c/moving_mean/local_step')
('tensor_name: ', 'scale3/block3/c/beta')
('tensor_name: ', 'scale3/block3/c/gamma')
('tensor_name: ', 'scale2/block1/c/weights')
('tensor_name: ', 'scale3/block4/b/scale3/block4/b/moving_variance/biased')
('tensor_name: ', 'scale3/block3/b/scale3/block3/b/moving_variance/biased')
('tensor_name: ', 'scale5/block1/shortcut/scale5/block1/shortcut/moving_variance/local_step')
('tensor_name: ', 'scale3/block4/b/scale3/block4/b/moving_variance/local_step')
('tensor_name: ', 'scale2/block3/a/scale2/block3/a/moving_variance/local_step')
('tensor_name: ', 'scale3/block2/a/moving_variance')
('tensor_name: ', 'scale3/block2/b/scale3/block2/b/moving_mean/local_step')
('tensor_name: ', 'scale3/block1/c/moving_mean')
('tensor_name: ', 'scale4/block1/a/scale4/block1/a/moving_variance/biased')
('tensor_name: ', 'scale4/block2/c/weights')
('tensor_name: ', 'scale3/block4/b/gamma')
('tensor_name: ', 'scale2/block3/a/beta')
('tensor_name: ', 'scale4/block5/b/scale4/block5/b/moving_mean/biased')
('tensor_name: ', 'scale3/block4/c/beta')
('tensor_name: ', 'scale3/block2/c/moving_variance')
('tensor_name: ', 'scale4/block5/c/scale4/block5/c/moving_mean/biased')
('tensor_name: ', 'scale2/block3/b/gamma')
('tensor_name: ', 'scale5/block3/c/scale5/block3/c/moving_mean/biased')
('tensor_name: ', 'scale5/block1/a/gamma')
('tensor_name: ', 'scale4/block1/c/scale4/block1/c/moving_mean/biased')
('tensor_name: ', 'fc/biases')
('tensor_name: ', 'scale4/block6/c/scale4/block6/c/moving_mean/biased')
('tensor_name: ', 'scale4/block3/a/scale4/block3/a/moving_mean/biased')
('tensor_name: ', 'scale4/block5/a/moving_variance')
('tensor_name: ', 'scale5/block3/b/scale5/block3/b/moving_mean/biased')
('tensor_name: ', 'scale4/block2/b/moving_variance')
('tensor_name: ', 'scale4/block6/b/scale4/block6/b/moving_mean/local_step')
('tensor_name: ', 'scale5/block2/a/scale5/block2/a/moving_variance/biased')
('tensor_name: ', 'scale5/block2/b/gamma')
('tensor_name: ', 'scale4/block4/c/scale4/block4/c/moving_mean/local_step')
('tensor_name: ', 'scale4/block5/b/weights')
('tensor_name: ', 'scale4/block5/a/beta')
('tensor_name: ', 'scale2/block1/a/scale2/block1/a/moving_variance/biased')
('tensor_name: ', 'scale3/block4/a/scale3/block4/a/moving_variance/local_step')
('tensor_name: ', 'scale2/block1/shortcut/scale2/block1/shortcut/moving_variance/biased')
('tensor_name: ', 'scale2/block3/c/scale2/block3/c/moving_mean/biased')
('tensor_name: ', 'scale5/block1/c/scale5/block1/c/moving_mean/biased')
('tensor_name: ', 'scale3/block4/a/weights')
('tensor_name: ', 'scale4/block4/a/moving_variance')
('tensor_name: ', 'scale5/block1/shortcut/gamma')
('tensor_name: ', 'scale5/block3/c/scale5/block3/c/moving_mean/local_step')
('tensor_name: ', 'scale5/block3/a/moving_mean')
('tensor_name: ', 'scale4/block5/c/scale4/block5/c/moving_variance/local_step')
('tensor_name: ', 'scale4/block3/a/beta')
('tensor_name: ', 'scale2/block2/a/beta')
('tensor_name: ', 'scale3/block1/shortcut/scale3/block1/shortcut/moving_mean/local_step')
('tensor_name: ', 'scale3/block1/a/weights')
('tensor_name: ', 'scale4/block4/c/beta')
('tensor_name: ', 'scale5/block2/c/moving_variance')
('tensor_name: ', 'scale5/block3/c/scale5/block3/c/moving_variance/local_step')
('tensor_name: ', 'scale3/block1/shortcut/scale3/block1/shortcut/moving_variance/biased')
('tensor_name: ', 'scale5/block1/c/weights')
('tensor_name: ', 'scale5/block3/b/scale5/block3/b/moving_mean/local_step')
('tensor_name: ', 'scale1/beta')
('tensor_name: ', 'scale3/block4/a/moving_mean')
('tensor_name: ', 'scale4/block1/c/moving_mean')
('tensor_name: ', 'scale4/block1/shortcut/scale4/block1/shortcut/moving_mean/local_step')
('tensor_name: ', 'scale5/block1/c/moving_mean')
('tensor_name: ', 'scale2/block1/b/moving_variance')
('tensor_name: ', 'scale4/block3/b/scale4/block3/b/moving_variance/local_step')
('tensor_name: ', 'scale4/block1/c/moving_variance')
('tensor_name: ', 'scale3/block1/b/scale3/block1/b/moving_variance/local_step')
('tensor_name: ', 'scale4/block1/shortcut/moving_variance')
('tensor_name: ', 'scale2/block1/b/scale2/block1/b/moving_mean/biased')
('tensor_name: ', 'scale4/block1/a/beta')
('tensor_name: ', 'scale4/block1/b/weights')
('tensor_name: ', 'scale4/block6/a/scale4/block6/a/moving_mean/biased')
('tensor_name: ', 'scale4/block5/b/gamma')
('tensor_name: ', 'scale2/block2/b/beta')
('tensor_name: ', 'scale5/block2/b/beta')
('tensor_name: ', 'scale2/block2/c/moving_mean')
('tensor_name: ', 'scale4/block2/b/scale4/block2/b/moving_variance/biased')
('tensor_name: ', 'scale5/block1/shortcut/scale5/block1/shortcut/moving_variance/biased')
('tensor_name: ', 'scale2/block3/a/scale2/block3/a/moving_variance/biased')
('tensor_name: ', 'scale3/block2/b/gamma')
('tensor_name: ', 'scale3/block4/b/moving_variance')
('tensor_name: ', 'scale4/block2/b/scale4/block2/b/moving_mean/local_step')
('tensor_name: ', 'scale4/block4/c/scale4/block4/c/moving_variance/local_step')
('tensor_name: ', 'scale1/moving_mean')
('tensor_name: ', 'scale2/block1/shortcut/moving_variance')
('tensor_name: ', 'scale3/block2/b/scale3/block2/b/moving_variance/local_step')
('tensor_name: ', 'scale4/block5/b/moving_mean')
('tensor_name: ', 'scale3/block3/a/scale3/block3/a/moving_mean/local_step')
('tensor_name: ', 'scale5/block2/c/scale5/block2/c/moving_mean/local_step')
('tensor_name: ', 'scale5/block2/b/scale5/block2/b/moving_variance/local_step')
('tensor_name: ', 'scale4/block3/a/moving_mean')
('tensor_name: ', 'scale4/block4/a/beta')
('tensor_name: ', 'scale4/block2/a/gamma')
('tensor_name: ', 'scale4/block6/a/gamma')
('tensor_name: ', 'scale4/block3/b/scale4/block3/b/moving_variance/biased')
('tensor_name: ', 'scale5/block3/b/beta')
('tensor_name: ', 'scale2/block2/b/moving_variance')
('tensor_name: ', 'scale5/block3/a/weights')
('tensor_name: ', 'scale4/block4/c/moving_mean')
('tensor_name: ', 'scale3/block2/c/gamma')
('tensor_name: ', 'scale2/block1/b/scale2/block1/b/moving_variance/local_step')
('tensor_name: ', 'scale2/block2/b/gamma')
('tensor_name: ', 'scale5/block1/b/scale5/block1/b/moving_mean/biased')
('tensor_name: ', 'scale2/block1/shortcut/moving_mean')
('tensor_name: ', 'scale3/block1/a/beta')
('tensor_name: ', 'scale4/block1/a/scale4/block1/a/moving_mean/local_step')
('tensor_name: ', 'scale3/block4/a/scale3/block4/a/moving_variance/biased')
('tensor_name: ', 'scale2/block1/shortcut/gamma')
('tensor_name: ', 'scale3/block3/a/weights')
('tensor_name: ', 'scale4/block5/a/weights')
('tensor_name: ', 'scale2/block3/b/weights')
('tensor_name: ', 'scale4/block5/c/moving_mean')
('tensor_name: ', 'scale2/block1/shortcut/scale2/block1/shortcut/moving_mean/local_step')
('tensor_name: ', 'scale2/block3/b/moving_mean')
('tensor_name: ', 'scale5/block3/b/gamma')
('tensor_name: ', 'scale4/block5/c/scale4/block5/c/moving_variance/biased')
('tensor_name: ', 'scale4/block1/b/scale4/block1/b/moving_variance/local_step')
('tensor_name: ', 'scale4/block3/c/moving_variance')
('tensor_name: ', 'scale4/block4/a/gamma')
('tensor_name: ', 'scale2/block2/b/scale2/block2/b/moving_mean/local_step')
('tensor_name: ', 'scale3/block4/b/scale3/block4/b/moving_mean/biased')
('tensor_name: ', 'scale4/block2/b/scale4/block2/b/moving_variance/local_step')
('tensor_name: ', 'scale3/block1/c/scale3/block1/c/moving_mean/local_step')
('tensor_name: ', 'scale3/block3/b/moving_mean')
('tensor_name: ', 'scale4/block6/b/scale4/block6/b/moving_variance/local_step')
('tensor_name: ', 'scale4/block1/a/moving_mean')
('tensor_name: ', 'scale5/block1/shortcut/scale5/block1/shortcut/moving_mean/biased')
('tensor_name: ', 'scale4/block5/a/scale4/block5/a/moving_mean/biased')
('tensor_name: ', 'scale4/block2/c/scale4/block2/c/moving_variance/biased')
('tensor_name: ', 'scale2/block1/shortcut/beta')
('tensor_name: ', 'scale5/block3/c/gamma')
('tensor_name: ', 'scale4/block4/a/scale4/block4/a/moving_mean/local_step')
('tensor_name: ', 'scale4/block1/c/scale4/block1/c/moving_variance/local_step')
('tensor_name: ', 'scale4/block1/a/weights')
('tensor_name: ', 'scale5/block3/a/scale5/block3/a/moving_mean/biased')
('tensor_name: ', 'scale5/block1/shortcut/moving_mean')
('tensor_name: ', 'scale4/block3/b/moving_mean')
('tensor_name: ', 'scale2/block1/b/gamma')
('tensor_name: ', 'scale3/block2/b/beta')
('tensor_name: ', 'scale3/block1/a/gamma')
('tensor_name: ', 'scale4/block4/a/weights')
('tensor_name: ', 'scale3/block3/b/gamma')
('tensor_name: ', 'scale2/block2/c/moving_variance')
('tensor_name: ', 'scale3/block1/a/scale3/block1/a/moving_mean/biased')
('tensor_name: ', 'scale3/block1/c/moving_variance')
('tensor_name: ', 'scale5/block2/c/gamma')
('tensor_name: ', 'scale3/block1/a/scale3/block1/a/moving_mean/local_step')
('tensor_name: ', 'scale3/block3/a/moving_mean')
('tensor_name: ', 'scale2/block1/a/beta')
('tensor_name: ', 'scale4/block4/c/gamma')
('tensor_name: ', 'scale3/block3/c/weights')
('tensor_name: ', 'scale4/block6/a/scale4/block6/a/moving_variance/biased')
('tensor_name: ', 'scale2/block1/b/scale2/block1/b/moving_mean/local_step')
('tensor_name: ', 'scale5/block1/shortcut/weights')
('tensor_name: ', 'scale4/block3/c/beta')
('tensor_name: ', 'scale5/block3/b/moving_variance')
('tensor_name: ', 'scale4/block1/c/scale4/block1/c/moving_mean/local_step')
('tensor_name: ', 'scale4/block1/shortcut/beta')
('tensor_name: ', 'scale2/block3/a/scale2/block3/a/moving_mean/local_step')
('tensor_name: ', 'scale3/block2/a/beta')
('tensor_name: ', 'scale2/block1/c/scale2/block1/c/moving_mean/biased')
('tensor_name: ', 'scale4/block3/a/weights')
('tensor_name: ', 'scale2/block1/b/beta')
('tensor_name: ', 'scale2/block3/b/scale2/block3/b/moving_mean/biased')
('tensor_name: ', 'scale5/block1/b/scale5/block1/b/moving_variance/biased')
('tensor_name: ', 'scale4/block1/b/moving_variance')
('tensor_name: ', 'scale2/block1/a/weights')
('tensor_name: ', 'scale3/block4/a/moving_variance')
('tensor_name: ', 'scale3/block3/b/weights')
('tensor_name: ', 'scale5/block3/b/weights')
('tensor_name: ', 'scale4/block2/c/scale4/block2/c/moving_mean/biased')
('tensor_name: ', 'scale2/block3/c/moving_variance')
('tensor_name: ', 'scale4/block6/b/scale4/block6/b/moving_variance/biased')
('tensor_name: ', 'scale5/block3/a/scale5/block3/a/moving_variance/local_step')
('tensor_name: ', 'scale5/block2/c/beta')
('tensor_name: ', 'scale4/block4/b/weights')
('tensor_name: ', 'scale2/block1/a/scale2/block1/a/moving_mean/biased')
('tensor_name: ', 'scale4/block3/c/scale4/block3/c/moving_variance/biased')
('tensor_name: ', 'scale4/block1/c/gamma')
('tensor_name: ', 'scale5/block2/c/scale5/block2/c/moving_variance/local_step')
('tensor_name: ', 'scale3/block3/c/moving_variance')
('tensor_name: ', 'scale3/block4/c/weights')
('tensor_name: ', 'scale4/block2/b/weights')
('tensor_name: ', 'scale4/block1/a/scale4/block1/a/moving_mean/biased')
('tensor_name: ', 'scale4/block5/c/weights')
('tensor_name: ', 'scale3/block4/a/scale3/block4/a/moving_mean/local_step')
('tensor_name: ', 'scale5/block2/a/moving_variance')
('tensor_name: ', 'scale4/block5/a/scale4/block5/a/moving_variance/local_step')
('tensor_name: ', 'scale4/block5/a/scale4/block5/a/moving_mean/local_step')
('tensor_name: ', 'scale3/block2/a/scale3/block2/a/moving_mean/local_step')
('tensor_name: ', 'scale2/block1/b/scale2/block1/b/moving_variance/biased')
('tensor_name: ', 'scale4/block1/b/scale4/block1/b/moving_mean/biased')
('tensor_name: ', 'scale3/block1/shortcut/beta')
('tensor_name: ', 'scale4/block6/a/weights')
('tensor_name: ', 'scale5/block1/a/weights')
('tensor_name: ', 'scale4/block5/b/moving_variance')
('tensor_name: ', 'scale4/block4/a/scale4/block4/a/moving_variance/biased')
('tensor_name: ', 'scale5/block3/a/gamma')
('tensor_name: ', 'scale3/block2/c/scale3/block2/c/moving_mean/biased')
('tensor_name: ', 'scale5/block3/c/scale5/block3/c/moving_variance/biased')
('tensor_name: ', 'scale2/block1/shortcut/scale2/block1/shortcut/moving_variance/local_step')
('tensor_name: ', 'scale3/block1/shortcut/weights')
('tensor_name: ', 'scale5/block1/shortcut/beta')
('tensor_name: ', 'scale3/block3/c/scale3/block3/c/moving_mean/biased')
('tensor_name: ', 'scale4/block6/b/moving_mean')
('tensor_name: ', 'scale3/block4/b/moving_mean')
('tensor_name: ', 'scale5/block3/c/weights')
('tensor_name: ', 'scale3/block3/a/gamma')
('tensor_name: ', 'scale5/block1/a/moving_mean')
('tensor_name: ', 'scale5/block3/b/scale5/block3/b/moving_variance/biased')
('tensor_name: ', 'scale4/block3/b/gamma')
('tensor_name: ', 'scale2/block2/a/scale2/block2/a/moving_variance/biased')
('tensor_name: ', 'scale3/block3/a/moving_variance')
('tensor_name: ', 'scale3/block4/c/scale3/block4/c/moving_variance/local_step')
('tensor_name: ', 'scale3/block3/b/beta')
('tensor_name: ', 'scale5/block2/b/scale5/block2/b/moving_mean/biased')
('tensor_name: ', 'scale4/block1/shortcut/scale4/block1/shortcut/moving_variance/local_step')
('tensor_name: ', 'scale2/block3/b/moving_variance')
('tensor_name: ', 'scale5/block1/a/scale5/block1/a/moving_variance/biased')
('tensor_name: ', 'scale4/block2/b/beta')
('tensor_name: ', 'scale3/block1/a/scale3/block1/a/moving_variance/biased')
('tensor_name: ', 'scale4/block2/b/scale4/block2/b/moving_mean/biased')
('tensor_name: ', 'scale5/block1/b/beta')
('tensor_name: ', 'scale3/block1/c/scale3/block1/c/moving_variance/biased')
('tensor_name: ', 'scale2/block3/c/scale2/block3/c/moving_variance/local_step')
('tensor_name: ', 'scale4/block4/c/moving_variance')
('tensor_name: ', 'scale2/block3/a/moving_mean')
('tensor_name: ', 'scale2/block2/a/scale2/block2/a/moving_mean/biased')
('tensor_name: ', 'scale4/block6/a/moving_mean')
('tensor_name: ', 'scale4/block2/a/beta')
('tensor_name: ', 'scale3/block3/b/scale3/block3/b/moving_variance/local_step')
('tensor_name: ', 'scale4/block4/b/gamma')
('tensor_name: ', 'scale5/block2/c/scale5/block2/c/moving_variance/biased')
('tensor_name: ', 'scale4/block6/c/weights')
('tensor_name: ', 'scale4/block1/c/scale4/block1/c/moving_variance/biased')
('tensor_name: ', 'scale4/block2/a/moving_mean')
('tensor_name: ', 'scale3/block3/c/moving_mean')
('tensor_name: ', 'scale4/block2/a/scale4/block2/a/moving_mean/local_step')
('tensor_name: ', 'scale2/block2/b/weights')
('tensor_name: ', 'scale1/gamma')
('tensor_name: ', 'scale2/block1/b/moving_mean')
('tensor_name: ', 'scale4/block1/shortcut/scale4/block1/shortcut/moving_mean/biased')
('tensor_name: ', 'scale1/moving_variance')
